[0;32m[2026-01-30 21:30:01] [INFO] ==========================================[0m
[0;32m[2026-01-30 21:30:01] [INFO] DAILY TRADING ROUTINE STARTED[0m
[0;32m[2026-01-30 21:30:01] [INFO] Date: Fri Jan 30 09:30:01 PM UTC 2026[0m
[0;32m[2026-01-30 21:30:01] [INFO] ==========================================[0m
[0;32m[2026-01-30 21:30:01] [INFO] Step 1: Checking market status...[0m
[0;32m[2026-01-30 21:30:01] [INFO] Market status: closed[0m
[0;32m[2026-01-30 21:30:01] [INFO] Step 2: Fetching latest prices...[0m
Mock prices generated for: AAPL, MSFT, GOOGL, AMZN, TSLA, NVDA, META, BRK.B, JPM, V
AAPL: $147.21
MSFT: $298.52
GOOGL: $142.30
AMZN: $173.69
TSLA: $172.82
NVDA: $118.94
META: $86.38
BRK.B: $82.76
JPM: $91.25
V: $118.06
[0;32m[2026-01-30 21:30:01] [INFO] Prices saved to /tmp/latest_prices.json[0m
[0;32m[2026-01-30 21:30:01] [INFO] Step 3: Updating portfolio prices...[0m
Updated prices for 10 symbols
[0;32m[2026-01-30 21:30:01] [INFO] Portfolio prices updated[0m
[0;32m[2026-01-30 21:30:01] [INFO] Step 4: Running trading analysis...[0m
[0;32m[2026-01-30 21:30:01] [INFO] Trading analysis completed successfully[0m
[0;32m[2026-01-30 21:30:01] [INFO] Trades executed: 3[0m
[0;32m[2026-01-30 21:30:01] [INFO] Step 5: Generating daily report...[0m
Report saved to /root/clawd/projects/day-trader/logs/report_20260130.txt
[0;32m[2026-01-30 21:30:01] [INFO] Daily report generated: /root/clawd/projects/day-trader/logs/report_20260130.txt[0m

------------------------------
Cash: $8907.24
Invested: $1057.34
Market Value: $1067.28
Total Value: $9974.52
Total P&L: $9.94
Total Return: $-25.48 (-0.25%)

RECENT TRADES (Last 5)
------------------------------
2026-01-30T19:37:15.888007: SELL 2.0 NVDA @ $101.61
  Reason: Fallback: Profit taking on existing position
2026-01-30T20:03:49.693489: SELL 2.0 TSLA @ $170.49
  Reason: Fallback: Profit taking on existing position
2026-01-30T21:30:01.483015: BUY 2.0 AAPL @ $153.00
  Reason: Fallback: bullish market, technical setup
2026-01-30T21:30:01.484016: SELL 1.0 TSLA @ $169.36
  Reason: Fallback: Profit taking on existing position
2026-01-30T21:30:01.484323: SELL 1.0 NVDA @ $116.56
  Reason: Fallback: Profit taking on existing position
[0;32m[2026-01-30 21:30:01] [INFO] Step 6: Backing up data...[0m
[0;32m[2026-01-30 21:30:01] [INFO] Backup created: /root/clawd/projects/day-trader/backups/backup_20260130_213001.tar.gz (4.0K)[0m
[0;32m[2026-01-30 21:30:01] [INFO] Step 7: Cleaning up old logs...[0m
[0;32m[2026-01-30 21:30:01] [INFO] ==========================================[0m
[0;32m[2026-01-30 21:30:01] [INFO] DAILY ROUTINE COMPLETED SUCCESSFULLY[0m
[0;32m[2026-01-30 21:30:01] [INFO] ==========================================[0m
